Unsupposrted library path: D:\TeamJappap\07_Dream\customMod\Ppap-Dream-1.12.2\build\classes\java\api
Unsupposrted library path: D:\TeamJappap\07_Dream\customMod\Ppap-Dream-1.12.2\build\resources\api
Symbol range map extraction starting
Processing 278 files
startProcessing "jptv/seomoodi/ppapdream/ClientProxyPpapdreamMod.java" md5: 13a7d11b20f78b5209dc84e875353eee
endProcessing "jptv/seomoodi/ppapdream/ClientProxyPpapdreamMod.java"

startProcessing "jptv/seomoodi/ppapdream/ElementsPpapdreamMod.java" md5: b5cf96777d5c42880fe0a62ed60205a1
endProcessing "jptv/seomoodi/ppapdream/ElementsPpapdreamMod.java"

startProcessing "jptv/seomoodi/ppapdream/IProxyPpapdreamMod.java" md5: 7d0161bfff71cc6078a735525216441e
endProcessing "jptv/seomoodi/ppapdream/IProxyPpapdreamMod.java"

startProcessing "jptv/seomoodi/ppapdream/PpapdreamMod.java" md5: 932b000b632257b456707a0ab1e809f7
endProcessing "jptv/seomoodi/ppapdream/PpapdreamMod.java"

startProcessing "jptv/seomoodi/ppapdream/PpapdreamModVariables.java" md5: a013680fc37ebb90091465020c8d301d
endProcessing "jptv/seomoodi/ppapdream/PpapdreamModVariables.java"

startProcessing "jptv/seomoodi/ppapdream/ServerProxyPpapdreamMod.java" md5: ff476c2a54155a028ce96db304f57117
endProcessing "jptv/seomoodi/ppapdream/ServerProxyPpapdreamMod.java"

startProcessing "jptv/seomoodi/ppapdream/block/BlockAbhSisterPhoto.java" md5: b5937406d043516c1289e123c9b7c106
endProcessing "jptv/seomoodi/ppapdream/block/BlockAbhSisterPhoto.java"

startProcessing "jptv/seomoodi/ppapdream/block/BlockBakhaDoll.java" md5: 94669e1b82dfc42e9f4177dd200274c3
endProcessing "jptv/seomoodi/ppapdream/block/BlockBakhaDoll.java"

startProcessing "jptv/seomoodi/ppapdream/block/BlockBenchLeft.java" md5: 73ead6fb371cffe1e813649731ea868b
endProcessing "jptv/seomoodi/ppapdream/block/BlockBenchLeft.java"

startProcessing "jptv/seomoodi/ppapdream/block/BlockBenchRight.java" md5: 68f3d406b83e5a575f68b24f9d913a31
endProcessing "jptv/seomoodi/ppapdream/block/BlockBenchRight.java"

startProcessing "jptv/seomoodi/ppapdream/block/BlockDoorBlackHotelNorth.java" md5: 2b901b57621d40cd486af66a50741c8e
endProcessing "jptv/seomoodi/ppapdream/block/BlockDoorBlackHotelNorth.java"

startProcessing "jptv/seomoodi/ppapdream/block/BlockDoorBlackHotelWest.java" md5: 94c3140f52304f235545946b4685fb2e
endProcessing "jptv/seomoodi/ppapdream/block/BlockDoorBlackHotelWest.java"

startProcessing "jptv/seomoodi/ppapdream/block/BlockDoorBlueHotelNorth.java" md5: c9e39ed293041e56299a443959d36a60
endProcessing "jptv/seomoodi/ppapdream/block/BlockDoorBlueHotelNorth.java"

startProcessing "jptv/seomoodi/ppapdream/block/BlockDoorBlueHotelWest.java" md5: 14ac40a4cd85219e90688c14d2c816b9
endProcessing "jptv/seomoodi/ppapdream/block/BlockDoorBlueHotelWest.java"

startProcessing "jptv/seomoodi/ppapdream/block/BlockDoorBlueNorth.java" md5: 4542834b66115c3d5c84bf621549fbcf
endProcessing "jptv/seomoodi/ppapdream/block/BlockDoorBlueNorth.java"

startProcessing "jptv/seomoodi/ppapdream/block/BlockDoorBlueWest.java" md5: 7cfcf06a5fef48918209f99bfe862c07
endProcessing "jptv/seomoodi/ppapdream/block/BlockDoorBlueWest.java"

startProcessing "jptv/seomoodi/ppapdream/block/BlockDoorBrownEast.java" md5: 74f60ad4e2373d4a47dba7c94fd51fd0
endProcessing "jptv/seomoodi/ppapdream/block/BlockDoorBrownEast.java"

startProcessing "jptv/seomoodi/ppapdream/block/BlockDoorBrownNorth.java" md5: bd1582450354f721d33cec0735bec50c
endProcessing "jptv/seomoodi/ppapdream/block/BlockDoorBrownNorth.java"

startProcessing "jptv/seomoodi/ppapdream/block/BlockDoorGrayHotelNorth.java" md5: ee74f3e5df2497cb89865e056763032a
endProcessing "jptv/seomoodi/ppapdream/block/BlockDoorGrayHotelNorth.java"

startProcessing "jptv/seomoodi/ppapdream/block/BlockDoorGrayHotelWest.java" md5: 542c0f49f7e15ede4d167d25f68b242d
endProcessing "jptv/seomoodi/ppapdream/block/BlockDoorGrayHotelWest.java"

startProcessing "jptv/seomoodi/ppapdream/block/BlockDoorGrayNorth.java" md5: 3417b1f0afd9a3646e1fb7df6a88490e
endProcessing "jptv/seomoodi/ppapdream/block/BlockDoorGrayNorth.java"

startProcessing "jptv/seomoodi/ppapdream/block/BlockDoorGrayWest.java" md5: e2a4c37331c341cd4485d8c5adc4ae46
endProcessing "jptv/seomoodi/ppapdream/block/BlockDoorGrayWest.java"

startProcessing "jptv/seomoodi/ppapdream/block/BlockDoorNm2FClosed.java" md5: d6509748723d6a7b08bd29824eb39050
endProcessing "jptv/seomoodi/ppapdream/block/BlockDoorNm2FClosed.java"

startProcessing "jptv/seomoodi/ppapdream/block/BlockDoorNm2FOpened.java" md5: e98ef5abedb3200a9feb7cb03aa5fcd0
endProcessing "jptv/seomoodi/ppapdream/block/BlockDoorNm2FOpened.java"

startProcessing "jptv/seomoodi/ppapdream/block/BlockDoorNm3FSouth.java" md5: ebf06b812d06e6dc64df32203ff71fcd
endProcessing "jptv/seomoodi/ppapdream/block/BlockDoorNm3FSouth.java"

startProcessing "jptv/seomoodi/ppapdream/block/BlockDoorNm3FWest.java" md5: ebce8a7b6abcef528dd7d3f0139bb3a9
endProcessing "jptv/seomoodi/ppapdream/block/BlockDoorNm3FWest.java"

startProcessing "jptv/seomoodi/ppapdream/block/BlockDoorRedClosed.java" md5: 77765a238adf3f0208b5adc582db0750
endProcessing "jptv/seomoodi/ppapdream/block/BlockDoorRedClosed.java"

startProcessing "jptv/seomoodi/ppapdream/block/BlockDoorRedHotelClosed.java" md5: e0dcdb100f554b9bc8ee9293aa8dc37d
endProcessing "jptv/seomoodi/ppapdream/block/BlockDoorRedHotelClosed.java"

startProcessing "jptv/seomoodi/ppapdream/block/BlockDoorRedHotelNorth.java" md5: 89ea26aa60473a800ab7ab3f8d40fcb2
endProcessing "jptv/seomoodi/ppapdream/block/BlockDoorRedHotelNorth.java"

startProcessing "jptv/seomoodi/ppapdream/block/BlockDoorRedHotelOpened.java" md5: a150adb3872695fcda09e8ad25c23fa1
endProcessing "jptv/seomoodi/ppapdream/block/BlockDoorRedHotelOpened.java"

startProcessing "jptv/seomoodi/ppapdream/block/BlockDoorRedHotelWest.java" md5: 65a4c5a7cd5d92149607e9cda5f8b87e
endProcessing "jptv/seomoodi/ppapdream/block/BlockDoorRedHotelWest.java"

startProcessing "jptv/seomoodi/ppapdream/block/BlockDoorRedNorth.java" md5: a090c8f86e80577e6b4a9c1ce95e6fd2
endProcessing "jptv/seomoodi/ppapdream/block/BlockDoorRedNorth.java"

startProcessing "jptv/seomoodi/ppapdream/block/BlockDoorRedOpened.java" md5: 00fb56fdb3168a56de86543f9310bbd2
endProcessing "jptv/seomoodi/ppapdream/block/BlockDoorRedOpened.java"

startProcessing "jptv/seomoodi/ppapdream/block/BlockDoorRedWest.java" md5: 2cfbfad0a1b30ebb08b75cd765675d59
endProcessing "jptv/seomoodi/ppapdream/block/BlockDoorRedWest.java"

startProcessing "jptv/seomoodi/ppapdream/block/BlockDoorWhiteHotelNorth.java" md5: 51d02b41d00803fd5f144179be72dd70
endProcessing "jptv/seomoodi/ppapdream/block/BlockDoorWhiteHotelNorth.java"

startProcessing "jptv/seomoodi/ppapdream/block/BlockDoorWhiteHotelWest.java" md5: 099ae04fefb74575341dc02507cffb6c
endProcessing "jptv/seomoodi/ppapdream/block/BlockDoorWhiteHotelWest.java"

startProcessing "jptv/seomoodi/ppapdream/block/BlockDoorWhiteNorth.java" md5: a614998b337e772aae9507484a7102f5
endProcessing "jptv/seomoodi/ppapdream/block/BlockDoorWhiteNorth.java"

startProcessing "jptv/seomoodi/ppapdream/block/BlockDoorWhiteWest.java" md5: bdc067ea9388fcaf5d082869668a7604
endProcessing "jptv/seomoodi/ppapdream/block/BlockDoorWhiteWest.java"

startProcessing "jptv/seomoodi/ppapdream/block/BlockDreamFlower0.java" md5: bb997361490600a6a751b11cb7ff86b8
endProcessing "jptv/seomoodi/ppapdream/block/BlockDreamFlower0.java"

startProcessing "jptv/seomoodi/ppapdream/block/BlockDreamFlower1.java" md5: f769a0bd0d9af2e879110031d146ef47
endProcessing "jptv/seomoodi/ppapdream/block/BlockDreamFlower1.java"

startProcessing "jptv/seomoodi/ppapdream/block/BlockDreamFlower2.java" md5: 2ad7561618e1357e0c4ba5e64395596a
endProcessing "jptv/seomoodi/ppapdream/block/BlockDreamFlower2.java"

startProcessing "jptv/seomoodi/ppapdream/block/BlockDreamFlowersPinkBottom.java" md5: 23e255047d550a094b3a0701127302ba
endProcessing "jptv/seomoodi/ppapdream/block/BlockDreamFlowersPinkBottom.java"

startProcessing "jptv/seomoodi/ppapdream/block/BlockDreamFlowersPinkMiddle.java" md5: 5a0d078305d01d6f7f7082b68954eb49
endProcessing "jptv/seomoodi/ppapdream/block/BlockDreamFlowersPinkMiddle.java"

startProcessing "jptv/seomoodi/ppapdream/block/BlockDreamFlowersPurpleBottom.java" md5: a404c71971e4cfb98ef463e5da3313c6
endProcessing "jptv/seomoodi/ppapdream/block/BlockDreamFlowersPurpleBottom.java"

startProcessing "jptv/seomoodi/ppapdream/block/BlockDreamFlowersPurpleMiddle.java" md5: 4e505679987315211c4a9e12159c29c6
endProcessing "jptv/seomoodi/ppapdream/block/BlockDreamFlowersPurpleMiddle.java"

startProcessing "jptv/seomoodi/ppapdream/block/BlockDreamFlowersWhiteBottom.java" md5: 59a49cb9c3558f63d71e219f5b7158cc
endProcessing "jptv/seomoodi/ppapdream/block/BlockDreamFlowersWhiteBottom.java"

startProcessing "jptv/seomoodi/ppapdream/block/BlockDreamFlowersWhiteMiddle.java" md5: cf9d31684790217c5baa78f517dd42e3
endProcessing "jptv/seomoodi/ppapdream/block/BlockDreamFlowersWhiteMiddle.java"

startProcessing "jptv/seomoodi/ppapdream/block/BlockDreamGrass1.java" md5: 392cc37d25bc6b0af43d8e427bda45e2
endProcessing "jptv/seomoodi/ppapdream/block/BlockDreamGrass1.java"

startProcessing "jptv/seomoodi/ppapdream/block/BlockDreamGrass2.java" md5: 6e9be35128e845cc253fed50f10e44a7
endProcessing "jptv/seomoodi/ppapdream/block/BlockDreamGrass2.java"

startProcessing "jptv/seomoodi/ppapdream/block/BlockDreamMoss1.java" md5: 4bfbd3d72bd57b4f0d689eee54d972e1
endProcessing "jptv/seomoodi/ppapdream/block/BlockDreamMoss1.java"

startProcessing "jptv/seomoodi/ppapdream/block/BlockDreamOuterLeaves.java" md5: c2d2cbae2048f3a392fc884633fb9d39
endProcessing "jptv/seomoodi/ppapdream/block/BlockDreamOuterLeaves.java"

startProcessing "jptv/seomoodi/ppapdream/block/BlockDreamVineBottom.java" md5: d2c9ad281f8714bdbea56d8cbed41576
endProcessing "jptv/seomoodi/ppapdream/block/BlockDreamVineBottom.java"

startProcessing "jptv/seomoodi/ppapdream/block/BlockDreamVineMiddle.java" md5: f3e8a2c6ba2109b3d341cb3083b66328
endProcessing "jptv/seomoodi/ppapdream/block/BlockDreamVineMiddle.java"

startProcessing "jptv/seomoodi/ppapdream/block/BlockDreamVineTop.java" md5: f3bb90ee64b6f33f850482b4c6ac6d18
endProcessing "jptv/seomoodi/ppapdream/block/BlockDreamVineTop.java"

startProcessing "jptv/seomoodi/ppapdream/block/BlockGroComputer.java" md5: 327e97da2565f4ef720a8bad2cd379ed
endProcessing "jptv/seomoodi/ppapdream/block/BlockGroComputer.java"

startProcessing "jptv/seomoodi/ppapdream/block/BlockHeartmonitor.java" md5: 99a37bbe28d21c7ad6c9336955fa377b
endProcessing "jptv/seomoodi/ppapdream/block/BlockHeartmonitor.java"

startProcessing "jptv/seomoodi/ppapdream/block/BlockHotelFloor.java" md5: befe750e686064eded4df5280ece0682
endProcessing "jptv/seomoodi/ppapdream/block/BlockHotelFloor.java"

startProcessing "jptv/seomoodi/ppapdream/block/BlockHotelLight.java" md5: 11d2f9b304e29ffad0e88b74936d6319
endProcessing "jptv/seomoodi/ppapdream/block/BlockHotelLight.java"

startProcessing "jptv/seomoodi/ppapdream/block/BlockHotelWallCracked.java" md5: 1f24ed790561353b109a11d25f8f11f1
endProcessing "jptv/seomoodi/ppapdream/block/BlockHotelWallCracked.java"

startProcessing "jptv/seomoodi/ppapdream/block/BlockJappap.java" md5: 49d2784b5c5c11cc6ed3e81b20038b06
endProcessing "jptv/seomoodi/ppapdream/block/BlockJappap.java"

startProcessing "jptv/seomoodi/ppapdream/block/BlockLucydpatch.java" md5: d7d0c3817af9c016b5ba97cb65fb5fdf
endProcessing "jptv/seomoodi/ppapdream/block/BlockLucydpatch.java"

startProcessing "jptv/seomoodi/ppapdream/block/BlockLucydpatchBox.java" md5: 940cef6ac20daffc27aaa04ea63fc13f
endProcessing "jptv/seomoodi/ppapdream/block/BlockLucydpatchBox.java"

startProcessing "jptv/seomoodi/ppapdream/block/BlockLucydpatchCanUse.java" md5: 9fb61955aad58d913fd9503e8a190e67
endProcessing "jptv/seomoodi/ppapdream/block/BlockLucydpatchCanUse.java"

startProcessing "jptv/seomoodi/ppapdream/block/BlockMirror01.java" md5: dcd204f1430ebdce1b198b432c174a0d
endProcessing "jptv/seomoodi/ppapdream/block/BlockMirror01.java"

startProcessing "jptv/seomoodi/ppapdream/block/BlockMirror02.java" md5: 48a4d8e5d2347b7b4f4fc33029c54fec
endProcessing "jptv/seomoodi/ppapdream/block/BlockMirror02.java"

startProcessing "jptv/seomoodi/ppapdream/block/BlockPenguin.java" md5: 3b64980fb4b7e02a2a4728e3384178b3
endProcessing "jptv/seomoodi/ppapdream/block/BlockPenguin.java"

startProcessing "jptv/seomoodi/ppapdream/block/BlockPpapMypad.java" md5: 82919016c68b08ce928590b9bc947850
endProcessing "jptv/seomoodi/ppapdream/block/BlockPpapMypad.java"

startProcessing "jptv/seomoodi/ppapdream/block/BlockSmartEyepatch.java" md5: ca8a5b27ae7ef2f45260ba877c5488c7
endProcessing "jptv/seomoodi/ppapdream/block/BlockSmartEyepatch.java"

startProcessing "jptv/seomoodi/ppapdream/block/BlockTransperantLightFull.java" md5: 3f7d38e8561497e698eebc362b7beee5
endProcessing "jptv/seomoodi/ppapdream/block/BlockTransperantLightFull.java"

startProcessing "jptv/seomoodi/ppapdream/block/BlockTransperantLightHalf.java" md5: 135b6a43e33206ed80167e0658116780
endProcessing "jptv/seomoodi/ppapdream/block/BlockTransperantLightHalf.java"

startProcessing "jptv/seomoodi/ppapdream/creativetab/TabDream.java" md5: 436bdbceb4cf17186769841ac38bc901
endProcessing "jptv/seomoodi/ppapdream/creativetab/TabDream.java"

startProcessing "jptv/seomoodi/ppapdream/entity/EntityDreamDragonFly.java" md5: 9289e290c3c5671290e407366e467a0d
endProcessing "jptv/seomoodi/ppapdream/entity/EntityDreamDragonFly.java"

startProcessing "jptv/seomoodi/ppapdream/fuel/FuelDreamWood.java" md5: d94eecace0cfdab4eaf9adbadaac59e1
endProcessing "jptv/seomoodi/ppapdream/fuel/FuelDreamWood.java"

startProcessing "jptv/seomoodi/ppapdream/gui/GuiGuiAbhPracticeNote.java" md5: 1b218e1f1e6d91f5ed94dc6d5955b397
endProcessing "jptv/seomoodi/ppapdream/gui/GuiGuiAbhPracticeNote.java"

startProcessing "jptv/seomoodi/ppapdream/gui/GuiGuiAbhSisterPhoto.java" md5: a7b9fee7209e7fade0e146c1476c8108
endProcessing "jptv/seomoodi/ppapdream/gui/GuiGuiAbhSisterPhoto.java"

startProcessing "jptv/seomoodi/ppapdream/gui/GuiGuiAddlc1.java" md5: aa561f5f66f537d8f2de0acd5b9fef67
endProcessing "jptv/seomoodi/ppapdream/gui/GuiGuiAddlc1.java"

startProcessing "jptv/seomoodi/ppapdream/gui/GuiGuiAddlc2.java" md5: 95afacd8b8cc1d69a08f3e0c861dafef
endProcessing "jptv/seomoodi/ppapdream/gui/GuiGuiAddlc2.java"

startProcessing "jptv/seomoodi/ppapdream/gui/GuiGuiAddlc3.java" md5: 339037893ca0c97ba1a4d7495ba16934
endProcessing "jptv/seomoodi/ppapdream/gui/GuiGuiAddlc3.java"

startProcessing "jptv/seomoodi/ppapdream/gui/GuiGuiBucketList.java" md5: 23ceca98727e450a47a1d155f81dda6e
endProcessing "jptv/seomoodi/ppapdream/gui/GuiGuiBucketList.java"

startProcessing "jptv/seomoodi/ppapdream/gui/GuiGuiDoctorNote.java" md5: c3daa6e9223133f55190f86aec3707b5
endProcessing "jptv/seomoodi/ppapdream/gui/GuiGuiDoctorNote.java"

startProcessing "jptv/seomoodi/ppapdream/gui/GuiGuiGloDrawing.java" md5: 1ef61e8be0e66615da793c492390251a
endProcessing "jptv/seomoodi/ppapdream/gui/GuiGuiGloDrawing.java"

startProcessing "jptv/seomoodi/ppapdream/gui/GuiGuiGroCertificate.java" md5: a6c8c9517f474fcea4d4bad375fc6ac2
endProcessing "jptv/seomoodi/ppapdream/gui/GuiGuiGroCertificate.java"

startProcessing "jptv/seomoodi/ppapdream/gui/GuiGuiGroComic01.java" md5: 8e95f210c190b785d863be326a560176
endProcessing "jptv/seomoodi/ppapdream/gui/GuiGuiGroComic01.java"

startProcessing "jptv/seomoodi/ppapdream/gui/GuiGuiGroComic02.java" md5: 6c489e7001837f0df509704d494afd59
endProcessing "jptv/seomoodi/ppapdream/gui/GuiGuiGroComic02.java"

startProcessing "jptv/seomoodi/ppapdream/gui/GuiGuiGroComic03.java" md5: 4d4a8c43e359a380afa4b12ee8765132
endProcessing "jptv/seomoodi/ppapdream/gui/GuiGuiGroComic03.java"

startProcessing "jptv/seomoodi/ppapdream/gui/GuiGuiGsdMypad.java" md5: e5aa2c70d73b47e8fcfed2e98ca3933d
endProcessing "jptv/seomoodi/ppapdream/gui/GuiGuiGsdMypad.java"

startProcessing "jptv/seomoodi/ppapdream/gui/GuiGuiHotelLight.java" md5: d26d716b18d30d937c80e0bd8a41d8a0
endProcessing "jptv/seomoodi/ppapdream/gui/GuiGuiHotelLight.java"

startProcessing "jptv/seomoodi/ppapdream/gui/GuiGuiHotelPaper.java" md5: 30a1eed1cc53e31504c541503d991535
endProcessing "jptv/seomoodi/ppapdream/gui/GuiGuiHotelPaper.java"

startProcessing "jptv/seomoodi/ppapdream/gui/GuiGuiHotelReceipt01.java" md5: 446bd4f97888f0cac05c2a9aed74e2ee
endProcessing "jptv/seomoodi/ppapdream/gui/GuiGuiHotelReceipt01.java"

startProcessing "jptv/seomoodi/ppapdream/gui/GuiGuiHsdDiary.java" md5: d96e9d135c36f0f9f7f9951fd029bfae
endProcessing "jptv/seomoodi/ppapdream/gui/GuiGuiHsdDiary.java"

startProcessing "jptv/seomoodi/ppapdream/gui/GuiGuiHsdDriveLicense.java" md5: c93838a37d1e5549e847bd82f976c11c
endProcessing "jptv/seomoodi/ppapdream/gui/GuiGuiHsdDriveLicense.java"

startProcessing "jptv/seomoodi/ppapdream/gui/GuiGuiIOgrBucketlistPoster.java" md5: 78aba9d0150fba3f1a9f39de1c6b1047
endProcessing "jptv/seomoodi/ppapdream/gui/GuiGuiIOgrBucketlistPoster.java"

startProcessing "jptv/seomoodi/ppapdream/gui/GuiGuiKjpDriveLicense.java" md5: 40322c0bd5fb3eba64cc19d8199a323e
endProcessing "jptv/seomoodi/ppapdream/gui/GuiGuiKjpDriveLicense.java"

startProcessing "jptv/seomoodi/ppapdream/gui/GuiGuiKjpXmas.java" md5: 8f9315f6b1427c0f5aa4098d244e61f6
endProcessing "jptv/seomoodi/ppapdream/gui/GuiGuiKjpXmas.java"

startProcessing "jptv/seomoodi/ppapdream/gui/GuiGuiLucidDreamHall.java" md5: 5214c7ee94626496bdb92b12b2b3bba5
endProcessing "jptv/seomoodi/ppapdream/gui/GuiGuiLucidDreamHall.java"

startProcessing "jptv/seomoodi/ppapdream/gui/GuiGuiLucidDreamHallDram.java" md5: 522174b1be11eb79eaa7b666a4c86375
endProcessing "jptv/seomoodi/ppapdream/gui/GuiGuiLucidDreamHallDram.java"

startProcessing "jptv/seomoodi/ppapdream/gui/GuiGuiLucidMap02.java" md5: 684554ecf9f0adcbe1ec35dbce1ad4c8
endProcessing "jptv/seomoodi/ppapdream/gui/GuiGuiLucidMap02.java"

startProcessing "jptv/seomoodi/ppapdream/gui/GuiGuiLucidUpdate.java" md5: 8081effe0f9377882b2fe3f67bc70ff6
endProcessing "jptv/seomoodi/ppapdream/gui/GuiGuiLucidUpdate.java"

startProcessing "jptv/seomoodi/ppapdream/gui/GuiGuiLucidWebtoon.java" md5: 8ed18df812cdfb624109d8043c67dbf7
endProcessing "jptv/seomoodi/ppapdream/gui/GuiGuiLucidWebtoon.java"

startProcessing "jptv/seomoodi/ppapdream/gui/GuiGuiMsgGlove.java" md5: 485d180527e47a36f2323c660f4aed90
endProcessing "jptv/seomoodi/ppapdream/gui/GuiGuiMsgGlove.java"

startProcessing "jptv/seomoodi/ppapdream/gui/GuiGuiNbpComplaint.java" md5: 3bb7b3bb4f96e0f8817a9840ed1b741b
endProcessing "jptv/seomoodi/ppapdream/gui/GuiGuiNbpComplaint.java"

startProcessing "jptv/seomoodi/ppapdream/gui/GuiGuiNbpLetter.java" md5: 0cfe51255891101063fe22a5f9d5a486
endProcessing "jptv/seomoodi/ppapdream/gui/GuiGuiNbpLetter.java"

startProcessing "jptv/seomoodi/ppapdream/gui/GuiGuiNbpUmbrella.java" md5: 4a4029aabc8e47c0b5d6d616d4954b38
endProcessing "jptv/seomoodi/ppapdream/gui/GuiGuiNbpUmbrella.java"

startProcessing "jptv/seomoodi/ppapdream/gui/GuiGuiNewspaper.java" md5: cfa5a2139a5e502011ddd797bc3eb3f0
endProcessing "jptv/seomoodi/ppapdream/gui/GuiGuiNewspaper.java"

startProcessing "jptv/seomoodi/ppapdream/gui/GuiGuiNightmareManual.java" md5: 5f2a35718d2bfd528ab2eb6f9e27a33f
endProcessing "jptv/seomoodi/ppapdream/gui/GuiGuiNightmareManual.java"

startProcessing "jptv/seomoodi/ppapdream/gui/GuiGuiOgrMessage.java" md5: 6cd4c8346ff971d214e760df47097a85
endProcessing "jptv/seomoodi/ppapdream/gui/GuiGuiOgrMessage.java"

startProcessing "jptv/seomoodi/ppapdream/gui/GuiGuiOgrSocks.java" md5: 44314d47a8b30439befb7ca80e758135
endProcessing "jptv/seomoodi/ppapdream/gui/GuiGuiOgrSocks.java"

startProcessing "jptv/seomoodi/ppapdream/gui/GuiGuiPgeDiary.java" md5: a6a115f3759d13ba174473265440f6e8
endProcessing "jptv/seomoodi/ppapdream/gui/GuiGuiPgeDiary.java"

startProcessing "jptv/seomoodi/ppapdream/gui/GuiGuiPgeDiary02.java" md5: 73bf12faca201e3f748f7162a6e5b39e
endProcessing "jptv/seomoodi/ppapdream/gui/GuiGuiPgeDiary02.java"

startProcessing "jptv/seomoodi/ppapdream/gui/GuiGuiPgeDiary03.java" md5: 9f63b930f3b3bb4c78cd991117d5f0fe
endProcessing "jptv/seomoodi/ppapdream/gui/GuiGuiPgeDiary03.java"

startProcessing "jptv/seomoodi/ppapdream/gui/GuiGuiPgeDiary04.java" md5: 11a29b7deeb70290c3a9da8dc0476d82
endProcessing "jptv/seomoodi/ppapdream/gui/GuiGuiPgeDiary04.java"

startProcessing "jptv/seomoodi/ppapdream/gui/GuiGuiPgeDreamhall.java" md5: a031b277f7c4aa62debbc1d24a07c7d6
endProcessing "jptv/seomoodi/ppapdream/gui/GuiGuiPgeDreamhall.java"

startProcessing "jptv/seomoodi/ppapdream/gui/GuiGuiPgeFourcut.java" md5: d86119b5d2739f5fa1c5a283b756374c
endProcessing "jptv/seomoodi/ppapdream/gui/GuiGuiPgeFourcut.java"

startProcessing "jptv/seomoodi/ppapdream/gui/GuiGuiPgeMemo01.java" md5: 4659eafcb7f3ad5269a3e9a5d4669461
endProcessing "jptv/seomoodi/ppapdream/gui/GuiGuiPgeMemo01.java"

startProcessing "jptv/seomoodi/ppapdream/gui/GuiGuiPgeMemo02.java" md5: 0a5f349850291f937c737a218884118b
endProcessing "jptv/seomoodi/ppapdream/gui/GuiGuiPgeMemo02.java"

startProcessing "jptv/seomoodi/ppapdream/gui/GuiGuiPgeMemo03.java" md5: 1f46f63c321899cc6be052863d141dc7
endProcessing "jptv/seomoodi/ppapdream/gui/GuiGuiPgeMemo03.java"

startProcessing "jptv/seomoodi/ppapdream/gui/GuiGuiPgeMemo04.java" md5: 8f2c42d38a53c4f83ab1235589c80c88
endProcessing "jptv/seomoodi/ppapdream/gui/GuiGuiPgeMemo04.java"

startProcessing "jptv/seomoodi/ppapdream/gui/GuiGuiPgeMemo1.java" md5: 0aa87eb55d4aa3ebea08401506d080ce
endProcessing "jptv/seomoodi/ppapdream/gui/GuiGuiPgeMemo1.java"

startProcessing "jptv/seomoodi/ppapdream/gui/GuiGuiPgeNecktie.java" md5: 5135cfff59248ba7646a7f95f2c16b3f
endProcessing "jptv/seomoodi/ppapdream/gui/GuiGuiPgeNecktie.java"

startProcessing "jptv/seomoodi/ppapdream/gui/GuiGuiPgePhoto02.java" md5: 24d2947106368ffbbb99cf88ac2b385c
endProcessing "jptv/seomoodi/ppapdream/gui/GuiGuiPgePhoto02.java"

startProcessing "jptv/seomoodi/ppapdream/gui/GuiGuiPgeTravelPhoto01.java" md5: 15795be0ce7ee44f03289b352b9cc3d8
endProcessing "jptv/seomoodi/ppapdream/gui/GuiGuiPgeTravelPhoto01.java"

startProcessing "jptv/seomoodi/ppapdream/gui/GuiGuiPgeTravelPhoto02.java" md5: dfbfefdb20563a6036bc933c5c07ea85
endProcessing "jptv/seomoodi/ppapdream/gui/GuiGuiPgeTravelPhoto02.java"

startProcessing "jptv/seomoodi/ppapdream/item/ItemAbhPracticeNote.java" md5: 685e5a976f934d1f1b74f9e0119787a9
endProcessing "jptv/seomoodi/ppapdream/item/ItemAbhPracticeNote.java"

startProcessing "jptv/seomoodi/ppapdream/item/ItemAddlc1.java" md5: 6aafa02f656fbf95668034b3447a8a8e
endProcessing "jptv/seomoodi/ppapdream/item/ItemAddlc1.java"

startProcessing "jptv/seomoodi/ppapdream/item/ItemAddlc2.java" md5: 4ef20a0283f2ed6ec4b02b64d5be7ca4
endProcessing "jptv/seomoodi/ppapdream/item/ItemAddlc2.java"

startProcessing "jptv/seomoodi/ppapdream/item/ItemAddlc3.java" md5: 894667b24fd0de765516ad89f97decda
endProcessing "jptv/seomoodi/ppapdream/item/ItemAddlc3.java"

startProcessing "jptv/seomoodi/ppapdream/item/ItemBakhaRecorder.java" md5: 18aa70ed6c8730bc604188aeb1e48bf1
endProcessing "jptv/seomoodi/ppapdream/item/ItemBakhaRecorder.java"

startProcessing "jptv/seomoodi/ppapdream/item/ItemBucketList.java" md5: f68bdf1377f4283982e2a74cbf047047
endProcessing "jptv/seomoodi/ppapdream/item/ItemBucketList.java"

startProcessing "jptv/seomoodi/ppapdream/item/ItemCardIP01.java" md5: 2ee36c40b070414706d24ca3106ea86b
endProcessing "jptv/seomoodi/ppapdream/item/ItemCardIP01.java"

startProcessing "jptv/seomoodi/ppapdream/item/ItemCardIP02.java" md5: 9567d4581b7247465d72748228fbb479
endProcessing "jptv/seomoodi/ppapdream/item/ItemCardIP02.java"

startProcessing "jptv/seomoodi/ppapdream/item/ItemCardIP03.java" md5: 250cf069d68cdc6eb86b92f4385a4869
endProcessing "jptv/seomoodi/ppapdream/item/ItemCardIP03.java"

startProcessing "jptv/seomoodi/ppapdream/item/ItemCardIP04.java" md5: 5e49c3a707ddd29200a8f5612074dce4
endProcessing "jptv/seomoodi/ppapdream/item/ItemCardIP04.java"

startProcessing "jptv/seomoodi/ppapdream/item/ItemCardIP05.java" md5: b327560632a920eb1a591e2549ea2a2c
endProcessing "jptv/seomoodi/ppapdream/item/ItemCardIP05.java"

startProcessing "jptv/seomoodi/ppapdream/item/ItemCardIP06.java" md5: f4a41c521c67c65f96d1317a654c0789
endProcessing "jptv/seomoodi/ppapdream/item/ItemCardIP06.java"

startProcessing "jptv/seomoodi/ppapdream/item/ItemCardIP07.java" md5: 670fa75c3a82b7b12efbd0e409a5be08
endProcessing "jptv/seomoodi/ppapdream/item/ItemCardIP07.java"

startProcessing "jptv/seomoodi/ppapdream/item/ItemCardIP08.java" md5: 98b13f6b293a4870288a933dc0726544
endProcessing "jptv/seomoodi/ppapdream/item/ItemCardIP08.java"

startProcessing "jptv/seomoodi/ppapdream/item/ItemCardIP09.java" md5: 0b148588ce2e8908ed228202a36254eb
endProcessing "jptv/seomoodi/ppapdream/item/ItemCardIP09.java"

startProcessing "jptv/seomoodi/ppapdream/item/ItemCardIP10.java" md5: 925cef05715400b85a830611e10e2545
endProcessing "jptv/seomoodi/ppapdream/item/ItemCardIP10.java"

startProcessing "jptv/seomoodi/ppapdream/item/ItemDlcNightmare.java" md5: d28800c1ed342a614dfa7922a5dd66d4
endProcessing "jptv/seomoodi/ppapdream/item/ItemDlcNightmare.java"

startProcessing "jptv/seomoodi/ppapdream/item/ItemDoctorNote.java" md5: d03525b1a60d57eea51b342f6398b80f
endProcessing "jptv/seomoodi/ppapdream/item/ItemDoctorNote.java"

startProcessing "jptv/seomoodi/ppapdream/item/ItemDreamHallHint.java" md5: a85c429715482664635e3391810d128c
endProcessing "jptv/seomoodi/ppapdream/item/ItemDreamHallHint.java"

startProcessing "jptv/seomoodi/ppapdream/item/ItemEspresso.java" md5: f745e01248c062bb392959f905a7d133
endProcessing "jptv/seomoodi/ppapdream/item/ItemEspresso.java"

startProcessing "jptv/seomoodi/ppapdream/item/ItemGloDrawing.java" md5: 100b79cd7630daf336990d157a13269f
endProcessing "jptv/seomoodi/ppapdream/item/ItemGloDrawing.java"

startProcessing "jptv/seomoodi/ppapdream/item/ItemGroCertificate.java" md5: e45a80410df7073a34ab1fc2d52016d4
endProcessing "jptv/seomoodi/ppapdream/item/ItemGroCertificate.java"

startProcessing "jptv/seomoodi/ppapdream/item/ItemGroComic.java" md5: 4a5ee9f42333a655941fb1d26c478190
endProcessing "jptv/seomoodi/ppapdream/item/ItemGroComic.java"

startProcessing "jptv/seomoodi/ppapdream/item/ItemGsdMypad.java" md5: aefe3a2dcdd06d890371a9f56890ccf9
endProcessing "jptv/seomoodi/ppapdream/item/ItemGsdMypad.java"

startProcessing "jptv/seomoodi/ppapdream/item/ItemHotelPaper.java" md5: 434952e0d06147190c51aa6dc7625c6e
endProcessing "jptv/seomoodi/ppapdream/item/ItemHotelPaper.java"

startProcessing "jptv/seomoodi/ppapdream/item/ItemHotelReciept01.java" md5: c342a333228b5a92ff6ed7b69b92cfec
endProcessing "jptv/seomoodi/ppapdream/item/ItemHotelReciept01.java"

startProcessing "jptv/seomoodi/ppapdream/item/ItemHsdDiary.java" md5: 4acf89a7eff9c61163040104afa730c2
endProcessing "jptv/seomoodi/ppapdream/item/ItemHsdDiary.java"

startProcessing "jptv/seomoodi/ppapdream/item/ItemHsdDriveLicense.java" md5: bc432804885a5c64e7da0f205aba0e1e
endProcessing "jptv/seomoodi/ppapdream/item/ItemHsdDriveLicense.java"

startProcessing "jptv/seomoodi/ppapdream/item/ItemKeyBlue.java" md5: d6909e3e31d4c8ff9db5a25161309550
endProcessing "jptv/seomoodi/ppapdream/item/ItemKeyBlue.java"

startProcessing "jptv/seomoodi/ppapdream/item/ItemKeyBrown.java" md5: dd99f066212fe7e2ee7eff943f12f943
endProcessing "jptv/seomoodi/ppapdream/item/ItemKeyBrown.java"

startProcessing "jptv/seomoodi/ppapdream/item/ItemKeyGray.java" md5: 9c74118f98c3386bae31b4b5dc982df4
endProcessing "jptv/seomoodi/ppapdream/item/ItemKeyGray.java"

startProcessing "jptv/seomoodi/ppapdream/item/ItemKeyRealRed.java" md5: 85d145cd4eebbc62a4602d9fcf99d17c
endProcessing "jptv/seomoodi/ppapdream/item/ItemKeyRealRed.java"

startProcessing "jptv/seomoodi/ppapdream/item/ItemKeyRed.java" md5: 75424e1291c7538c840b0406a4b7ae0d
endProcessing "jptv/seomoodi/ppapdream/item/ItemKeyRed.java"

startProcessing "jptv/seomoodi/ppapdream/item/ItemKjpDrivelicesne.java" md5: 3f07da900d91435e2f6f083c840ada5b
endProcessing "jptv/seomoodi/ppapdream/item/ItemKjpDrivelicesne.java"

startProcessing "jptv/seomoodi/ppapdream/item/ItemKjpXmas.java" md5: c77aae119cbcea1c9b5fdd11e2923076
endProcessing "jptv/seomoodi/ppapdream/item/ItemKjpXmas.java"

startProcessing "jptv/seomoodi/ppapdream/item/ItemLucidDreamHallDream.java" md5: 6ed4acfa062d11346becbe9ec650734b
endProcessing "jptv/seomoodi/ppapdream/item/ItemLucidDreamHallDream.java"

startProcessing "jptv/seomoodi/ppapdream/item/ItemLucidMap2.java" md5: c07e0b11cfe77f72c52140c38f1335af
endProcessing "jptv/seomoodi/ppapdream/item/ItemLucidMap2.java"

startProcessing "jptv/seomoodi/ppapdream/item/ItemLucidUpdate.java" md5: 0c0b931d89ad770cefaff982b9f00db3
endProcessing "jptv/seomoodi/ppapdream/item/ItemLucidUpdate.java"

startProcessing "jptv/seomoodi/ppapdream/item/ItemLucidWebtoon.java" md5: 0684dee252186e950804b557086b31f0
endProcessing "jptv/seomoodi/ppapdream/item/ItemLucidWebtoon.java"

startProcessing "jptv/seomoodi/ppapdream/item/ItemLucydpatchPatch.java" md5: d3c40696d620b3d4d341e7ecac40bfb3
endProcessing "jptv/seomoodi/ppapdream/item/ItemLucydpatchPatch.java"

startProcessing "jptv/seomoodi/ppapdream/item/ItemMsgGlove.java" md5: 8ec6be25cc7d93ab21822cf6cd57e92a
endProcessing "jptv/seomoodi/ppapdream/item/ItemMsgGlove.java"

startProcessing "jptv/seomoodi/ppapdream/item/ItemNbpComplaint.java" md5: 99de2f89d373f0ccfbefc8e61d7fc379
endProcessing "jptv/seomoodi/ppapdream/item/ItemNbpComplaint.java"

startProcessing "jptv/seomoodi/ppapdream/item/ItemNbpLetter.java" md5: 98bfb369af63bd5a6b320df9eae89ee0
endProcessing "jptv/seomoodi/ppapdream/item/ItemNbpLetter.java"

startProcessing "jptv/seomoodi/ppapdream/item/ItemNbpUmbrella.java" md5: ee56242ca2f08b062362dadfbcb96155
endProcessing "jptv/seomoodi/ppapdream/item/ItemNbpUmbrella.java"

startProcessing "jptv/seomoodi/ppapdream/item/ItemNewspaper.java" md5: d4f78cb8419551335ea486d21b62a8f1
endProcessing "jptv/seomoodi/ppapdream/item/ItemNewspaper.java"

startProcessing "jptv/seomoodi/ppapdream/item/ItemNightmareKey2F.java" md5: a067880a7e59aa7bb98c1e33a171d483
endProcessing "jptv/seomoodi/ppapdream/item/ItemNightmareKey2F.java"

startProcessing "jptv/seomoodi/ppapdream/item/ItemNightmareKey3F.java" md5: 592c4d1efa1b1f4c56eba705ebe3dba6
endProcessing "jptv/seomoodi/ppapdream/item/ItemNightmareKey3F.java"

startProcessing "jptv/seomoodi/ppapdream/item/ItemNightmareManual.java" md5: a9282c829505d6b067cb36c9a50661f9
endProcessing "jptv/seomoodi/ppapdream/item/ItemNightmareManual.java"

startProcessing "jptv/seomoodi/ppapdream/item/ItemOgrBucketlistPoster.java" md5: 955eed32c61eebda146505fff7dcf644
endProcessing "jptv/seomoodi/ppapdream/item/ItemOgrBucketlistPoster.java"

startProcessing "jptv/seomoodi/ppapdream/item/ItemOgrMessage.java" md5: c67e7b31dcb355ff8c5c9c02589454c2
endProcessing "jptv/seomoodi/ppapdream/item/ItemOgrMessage.java"

startProcessing "jptv/seomoodi/ppapdream/item/ItemOgrSocks.java" md5: c9c79a13fa17a96c0e90c6f966f8e3cc
endProcessing "jptv/seomoodi/ppapdream/item/ItemOgrSocks.java"

startProcessing "jptv/seomoodi/ppapdream/item/ItemPgeDiary.java" md5: 251af8d1d8d6537c44ba4b5b491af75d
endProcessing "jptv/seomoodi/ppapdream/item/ItemPgeDiary.java"

startProcessing "jptv/seomoodi/ppapdream/item/ItemPgeDiary02.java" md5: cdd7836b7cbb12eafec7c5453571a8b3
endProcessing "jptv/seomoodi/ppapdream/item/ItemPgeDiary02.java"

startProcessing "jptv/seomoodi/ppapdream/item/ItemPgeDiary03.java" md5: 596cbf61148a50250d369e17cdead5d3
endProcessing "jptv/seomoodi/ppapdream/item/ItemPgeDiary03.java"

startProcessing "jptv/seomoodi/ppapdream/item/ItemPgeDiary04.java" md5: 68fe4cb4cabd1c9f666184db97384f3f
endProcessing "jptv/seomoodi/ppapdream/item/ItemPgeDiary04.java"

startProcessing "jptv/seomoodi/ppapdream/item/ItemPgeDreamhall.java" md5: c02a6f01faa66b1ebb121dce4c7aa1f4
endProcessing "jptv/seomoodi/ppapdream/item/ItemPgeDreamhall.java"

startProcessing "jptv/seomoodi/ppapdream/item/ItemPgeFourcut.java" md5: 26be4f3cfa5055f5fe14de7d4c0a6e2c
endProcessing "jptv/seomoodi/ppapdream/item/ItemPgeFourcut.java"

startProcessing "jptv/seomoodi/ppapdream/item/ItemPgeMemo01.java" md5: b86e0fc457099d0e25c981c66bb15d1d
endProcessing "jptv/seomoodi/ppapdream/item/ItemPgeMemo01.java"

startProcessing "jptv/seomoodi/ppapdream/item/ItemPgeMemo02.java" md5: 1e0c011f452942248730373932484a5c
endProcessing "jptv/seomoodi/ppapdream/item/ItemPgeMemo02.java"

startProcessing "jptv/seomoodi/ppapdream/item/ItemPgeMemo03.java" md5: 37a818716e4809ab5a2b959f6056a38c
endProcessing "jptv/seomoodi/ppapdream/item/ItemPgeMemo03.java"

startProcessing "jptv/seomoodi/ppapdream/item/ItemPgeMemo04.java" md5: 72e8842dd44de413adc1365be61a4532
endProcessing "jptv/seomoodi/ppapdream/item/ItemPgeMemo04.java"

startProcessing "jptv/seomoodi/ppapdream/item/ItemPgeMemo1.java" md5: 8a81a98d0c5975b7d5888f2d31d29aeb
endProcessing "jptv/seomoodi/ppapdream/item/ItemPgeMemo1.java"

startProcessing "jptv/seomoodi/ppapdream/item/ItemPgeNecktie.java" md5: 8644bb080248a8108e5ac599267b344b
endProcessing "jptv/seomoodi/ppapdream/item/ItemPgeNecktie.java"

startProcessing "jptv/seomoodi/ppapdream/item/ItemPgeTravelPhoto01.java" md5: 36e4fe320ba7ad4244b5ed14259aa675
endProcessing "jptv/seomoodi/ppapdream/item/ItemPgeTravelPhoto01.java"

startProcessing "jptv/seomoodi/ppapdream/item/ItemPgeTrevelPhoto02.java" md5: 89b9146f5799894da32fee9b968837c2
endProcessing "jptv/seomoodi/ppapdream/item/ItemPgeTrevelPhoto02.java"

startProcessing "jptv/seomoodi/ppapdream/item/ItemRevolver.java" md5: b393fe559e037aad8410b4dee6caab30
endProcessing "jptv/seomoodi/ppapdream/item/ItemRevolver.java"

startProcessing "jptv/seomoodi/ppapdream/item/ItemVocalCord.java" md5: 1273af97de4cf23aae9ef210b74f1107
endProcessing "jptv/seomoodi/ppapdream/item/ItemVocalCord.java"

startProcessing "jptv/seomoodi/ppapdream/item/crafting/RecipeProcessedCrystal.java" md5: 5dd2a5f2d35090b554065d1840d56620
endProcessing "jptv/seomoodi/ppapdream/item/crafting/RecipeProcessedCrystal.java"

startProcessing "jptv/seomoodi/ppapdream/procedure/ProcedureALucydpatchCanUseOnBlockRightClicked.java" md5: c0d0a0973381c746ef7d4b9704d9ef0c
endProcessing "jptv/seomoodi/ppapdream/procedure/ProcedureALucydpatchCanUseOnBlockRightClicked.java"

startProcessing "jptv/seomoodi/ppapdream/procedure/ProcedureAbhPracticeNoteRightClickedInAir.java" md5: 5e0b7b2e87d49f56c8a28faa5858e6f3
endProcessing "jptv/seomoodi/ppapdream/procedure/ProcedureAbhPracticeNoteRightClickedInAir.java"

startProcessing "jptv/seomoodi/ppapdream/procedure/ProcedureAbhSisterPhotoOnBlockRightClicked.java" md5: 34f8f4c362236a1e29fd0ad20ef22bb0
endProcessing "jptv/seomoodi/ppapdream/procedure/ProcedureAbhSisterPhotoOnBlockRightClicked.java"

startProcessing "jptv/seomoodi/ppapdream/procedure/ProcedureAddlc1RightClickedInAir.java" md5: 9428a9966c209cdc28dbed2a38f8673f
endProcessing "jptv/seomoodi/ppapdream/procedure/ProcedureAddlc1RightClickedInAir.java"

startProcessing "jptv/seomoodi/ppapdream/procedure/ProcedureAddlc2RightClickedInAir.java" md5: a6d778a4ace5a2d48d73c3f09cd589bc
endProcessing "jptv/seomoodi/ppapdream/procedure/ProcedureAddlc2RightClickedInAir.java"

startProcessing "jptv/seomoodi/ppapdream/procedure/ProcedureAddlc3RightClickedInAir.java" md5: e4f0c2d52d9499464fae52bd15a42d73
endProcessing "jptv/seomoodi/ppapdream/procedure/ProcedureAddlc3RightClickedInAir.java"

startProcessing "jptv/seomoodi/ppapdream/procedure/ProcedureBakhaRecorderRightClickedInAir.java" md5: 4ebdedb896186b0cd417fe7b93967154
endProcessing "jptv/seomoodi/ppapdream/procedure/ProcedureBakhaRecorderRightClickedInAir.java"

startProcessing "jptv/seomoodi/ppapdream/procedure/ProcedureBucketListRightClickedInAir.java" md5: 4794c54b14a31e728d11cefe303eeb49
endProcessing "jptv/seomoodi/ppapdream/procedure/ProcedureBucketListRightClickedInAir.java"

startProcessing "jptv/seomoodi/ppapdream/procedure/ProcedureDoctorNoteRightClickedInAir.java" md5: 583b7db06ceb6dee241b7d6ea2ba572c
endProcessing "jptv/seomoodi/ppapdream/procedure/ProcedureDoctorNoteRightClickedInAir.java"

startProcessing "jptv/seomoodi/ppapdream/procedure/ProcedureDoorBlackHotelNorthOnBlockRightClicked.java" md5: 5d271a842977a414c9dabede4af5c13c
endProcessing "jptv/seomoodi/ppapdream/procedure/ProcedureDoorBlackHotelNorthOnBlockRightClicked.java"

startProcessing "jptv/seomoodi/ppapdream/procedure/ProcedureDoorBlackHotelWestOnBlockRightClicked.java" md5: e0eb70895830d6cd9eaf6ea10c59b342
endProcessing "jptv/seomoodi/ppapdream/procedure/ProcedureDoorBlackHotelWestOnBlockRightClicked.java"

startProcessing "jptv/seomoodi/ppapdream/procedure/ProcedureDoorBlueHotelNorthOnBlockRightClicked.java" md5: 8d2a15c692ca2b0a57dc3a44b0d5a1ac
endProcessing "jptv/seomoodi/ppapdream/procedure/ProcedureDoorBlueHotelNorthOnBlockRightClicked.java"

startProcessing "jptv/seomoodi/ppapdream/procedure/ProcedureDoorBlueHotelWestOnBlockRightClicked.java" md5: 5f89a677191cac9f526b48a5729198db
endProcessing "jptv/seomoodi/ppapdream/procedure/ProcedureDoorBlueHotelWestOnBlockRightClicked.java"

startProcessing "jptv/seomoodi/ppapdream/procedure/ProcedureDoorBlueNorthOnBlockRightClicked.java" md5: d239da0250b92df7141228079d235a9b
endProcessing "jptv/seomoodi/ppapdream/procedure/ProcedureDoorBlueNorthOnBlockRightClicked.java"

startProcessing "jptv/seomoodi/ppapdream/procedure/ProcedureDoorBlueWestOnBlockRightClicked.java" md5: fde11ba79d057fcae1ac6f8dc8ecbcdc
endProcessing "jptv/seomoodi/ppapdream/procedure/ProcedureDoorBlueWestOnBlockRightClicked.java"

startProcessing "jptv/seomoodi/ppapdream/procedure/ProcedureDoorBrownEastOnBlockRightClicked.java" md5: e1cab1fb3a150b41d26ccab5083bf813
endProcessing "jptv/seomoodi/ppapdream/procedure/ProcedureDoorBrownEastOnBlockRightClicked.java"

startProcessing "jptv/seomoodi/ppapdream/procedure/ProcedureDoorBrownNorthOnBlockRightClicked.java" md5: c95625471488e0cffb8af21e79da497e
endProcessing "jptv/seomoodi/ppapdream/procedure/ProcedureDoorBrownNorthOnBlockRightClicked.java"

startProcessing "jptv/seomoodi/ppapdream/procedure/ProcedureDoorGrayHotelNorthOnBlockRightClicked.java" md5: 27fc821307277850f5523373b84d056d
endProcessing "jptv/seomoodi/ppapdream/procedure/ProcedureDoorGrayHotelNorthOnBlockRightClicked.java"

startProcessing "jptv/seomoodi/ppapdream/procedure/ProcedureDoorGrayHotelWestOnBlockRightClicked.java" md5: 6a93d4eb4859d7f4d3932ed10bc71002
endProcessing "jptv/seomoodi/ppapdream/procedure/ProcedureDoorGrayHotelWestOnBlockRightClicked.java"

startProcessing "jptv/seomoodi/ppapdream/procedure/ProcedureDoorGrayNorthOnBlockRightClicked.java" md5: c383e3ec2e181f2cc1ebad6120aa4859
endProcessing "jptv/seomoodi/ppapdream/procedure/ProcedureDoorGrayNorthOnBlockRightClicked.java"

startProcessing "jptv/seomoodi/ppapdream/procedure/ProcedureDoorGrayWestOnBlockRightClicked.java" md5: a76728ce2e9fa3191a502c40a6a2217b
endProcessing "jptv/seomoodi/ppapdream/procedure/ProcedureDoorGrayWestOnBlockRightClicked.java"

startProcessing "jptv/seomoodi/ppapdream/procedure/ProcedureDoorNm2FClosedOnBlockRightClicked.java" md5: ae5f206c4abe066626f6c4c50d0eebfe
endProcessing "jptv/seomoodi/ppapdream/procedure/ProcedureDoorNm2FClosedOnBlockRightClicked.java"

startProcessing "jptv/seomoodi/ppapdream/procedure/ProcedureDoorNm2FOpenedOnBlockRightClicked.java" md5: 529024ec2772fd7c0f720982b5c3605b
endProcessing "jptv/seomoodi/ppapdream/procedure/ProcedureDoorNm2FOpenedOnBlockRightClicked.java"

startProcessing "jptv/seomoodi/ppapdream/procedure/ProcedureDoorNm3FSouthOnBlockRightClicked.java" md5: dcc312d5be3d974b0ea1511274e165fb
endProcessing "jptv/seomoodi/ppapdream/procedure/ProcedureDoorNm3FSouthOnBlockRightClicked.java"

startProcessing "jptv/seomoodi/ppapdream/procedure/ProcedureDoorNm3FWestOnBlockRightClicked.java" md5: 68cdb50c7994c483c2a7deb4afbf9abc
endProcessing "jptv/seomoodi/ppapdream/procedure/ProcedureDoorNm3FWestOnBlockRightClicked.java"

startProcessing "jptv/seomoodi/ppapdream/procedure/ProcedureDoorRedClosedOnBlockRightClicked.java" md5: f6c6c80a16ffcfc5da7b7b8c65ba3015
endProcessing "jptv/seomoodi/ppapdream/procedure/ProcedureDoorRedClosedOnBlockRightClicked.java"

startProcessing "jptv/seomoodi/ppapdream/procedure/ProcedureDoorRedHotelClosedOnBlockRightClicked.java" md5: 209c442e0e8a091293968b19bc16be51
endProcessing "jptv/seomoodi/ppapdream/procedure/ProcedureDoorRedHotelClosedOnBlockRightClicked.java"

startProcessing "jptv/seomoodi/ppapdream/procedure/ProcedureDoorRedHotelNorthOnBlockRightClicked.java" md5: de5e641e8731bcf6b5989165804995fd
endProcessing "jptv/seomoodi/ppapdream/procedure/ProcedureDoorRedHotelNorthOnBlockRightClicked.java"

startProcessing "jptv/seomoodi/ppapdream/procedure/ProcedureDoorRedHotelOpenedOnBlockRightClicked.java" md5: f580cd4dd0a74bade06ee0e1cdd37003
endProcessing "jptv/seomoodi/ppapdream/procedure/ProcedureDoorRedHotelOpenedOnBlockRightClicked.java"

startProcessing "jptv/seomoodi/ppapdream/procedure/ProcedureDoorRedHotelWestOnBlockRightClicked.java" md5: b539b8f836dfed7a4b13d819034b29bf
endProcessing "jptv/seomoodi/ppapdream/procedure/ProcedureDoorRedHotelWestOnBlockRightClicked.java"

startProcessing "jptv/seomoodi/ppapdream/procedure/ProcedureDoorRedNorthOnBlockRightClicked.java" md5: c80e1f3b5e5620e3eaabf8ef36c31d75
endProcessing "jptv/seomoodi/ppapdream/procedure/ProcedureDoorRedNorthOnBlockRightClicked.java"

startProcessing "jptv/seomoodi/ppapdream/procedure/ProcedureDoorRedOpenedOnBlockRightClicked.java" md5: 48a3aa803c31d59e7fcdbbaefd30980c
endProcessing "jptv/seomoodi/ppapdream/procedure/ProcedureDoorRedOpenedOnBlockRightClicked.java"

startProcessing "jptv/seomoodi/ppapdream/procedure/ProcedureDoorRedWestOnBlockRightClicked.java" md5: 383ac0ca4130bf8c8a7340c0cccb689b
endProcessing "jptv/seomoodi/ppapdream/procedure/ProcedureDoorRedWestOnBlockRightClicked.java"

startProcessing "jptv/seomoodi/ppapdream/procedure/ProcedureDoorWhiteHotelNorthOnBlockRightClicked.java" md5: 6f909f67b4f5c03ce3ccf92c9b7e6265
endProcessing "jptv/seomoodi/ppapdream/procedure/ProcedureDoorWhiteHotelNorthOnBlockRightClicked.java"

startProcessing "jptv/seomoodi/ppapdream/procedure/ProcedureDoorWhiteHotelWestOnBlockRightClicked.java" md5: 45826f6aa74ae565e0952f21a08f7085
endProcessing "jptv/seomoodi/ppapdream/procedure/ProcedureDoorWhiteHotelWestOnBlockRightClicked.java"

startProcessing "jptv/seomoodi/ppapdream/procedure/ProcedureDreamDragonFlyEntityDies.java" md5: bc016525684e666f98eeef59d1d4c33e
endProcessing "jptv/seomoodi/ppapdream/procedure/ProcedureDreamDragonFlyEntityDies.java"

startProcessing "jptv/seomoodi/ppapdream/procedure/ProcedureDreamHallHintRightClickedInAir.java" md5: f903fecec7ef8c2063a3d513757c7c74
endProcessing "jptv/seomoodi/ppapdream/procedure/ProcedureDreamHallHintRightClickedInAir.java"

startProcessing "jptv/seomoodi/ppapdream/procedure/ProcedureEspressoFoodEaten.java" md5: 42a52b2c9b5acf3bc539f1011d6f7fb8
endProcessing "jptv/seomoodi/ppapdream/procedure/ProcedureEspressoFoodEaten.java"

startProcessing "jptv/seomoodi/ppapdream/procedure/ProcedureGloDrawingRightClickedInAir.java" md5: ccf2cdfb658af0bd2179ae6c0d34d5b8
endProcessing "jptv/seomoodi/ppapdream/procedure/ProcedureGloDrawingRightClickedInAir.java"

startProcessing "jptv/seomoodi/ppapdream/procedure/ProcedureGroCertificateRightClickedInAir.java" md5: 1713ad692eacf3d307e2e2878c50f8da
endProcessing "jptv/seomoodi/ppapdream/procedure/ProcedureGroCertificateRightClickedInAir.java"

startProcessing "jptv/seomoodi/ppapdream/procedure/ProcedureGroComputerOnBlockRightClicked.java" md5: 65ac73e94121dede65e7ba78dc57a1d1
endProcessing "jptv/seomoodi/ppapdream/procedure/ProcedureGroComputerOnBlockRightClicked.java"

startProcessing "jptv/seomoodi/ppapdream/procedure/ProcedureGsdMypadRightClickedInAir.java" md5: 534d187bddb7b62e881ceb37efc8f9b5
endProcessing "jptv/seomoodi/ppapdream/procedure/ProcedureGsdMypadRightClickedInAir.java"

startProcessing "jptv/seomoodi/ppapdream/procedure/ProcedureHotelPaperRightClickedInAir.java" md5: 4ba5508a9d8aaaf2fed89271cb711483
endProcessing "jptv/seomoodi/ppapdream/procedure/ProcedureHotelPaperRightClickedInAir.java"

startProcessing "jptv/seomoodi/ppapdream/procedure/ProcedureHotelReciept01RightClickedInAir.java" md5: 5ec38372f5080a3d07393671e4eb8a50
endProcessing "jptv/seomoodi/ppapdream/procedure/ProcedureHotelReciept01RightClickedInAir.java"

startProcessing "jptv/seomoodi/ppapdream/procedure/ProcedureHotelWallCrackedOnBlockRightClicked.java" md5: 803b54ea20c1c2a898dbf30ee2f65a3d
endProcessing "jptv/seomoodi/ppapdream/procedure/ProcedureHotelWallCrackedOnBlockRightClicked.java"

startProcessing "jptv/seomoodi/ppapdream/procedure/ProcedureHsdDiaryRightClickedInAir.java" md5: eb608d153dc320d353e16cd23760e63b
endProcessing "jptv/seomoodi/ppapdream/procedure/ProcedureHsdDiaryRightClickedInAir.java"

startProcessing "jptv/seomoodi/ppapdream/procedure/ProcedureHsdDriveLicenseRightClickedInAir.java" md5: 8b856553a8f57ad1724048e67966973d
endProcessing "jptv/seomoodi/ppapdream/procedure/ProcedureHsdDriveLicenseRightClickedInAir.java"

startProcessing "jptv/seomoodi/ppapdream/procedure/ProcedureKjpDrivelicesneRightClickedInAir.java" md5: 215b04b42654410e7e4ce7595a649588
endProcessing "jptv/seomoodi/ppapdream/procedure/ProcedureKjpDrivelicesneRightClickedInAir.java"

startProcessing "jptv/seomoodi/ppapdream/procedure/ProcedureKjpXmasRightClickedInAir.java" md5: 5fa5153fcaaf39f5ece02b09e09b9ece
endProcessing "jptv/seomoodi/ppapdream/procedure/ProcedureKjpXmasRightClickedInAir.java"

startProcessing "jptv/seomoodi/ppapdream/procedure/ProcedureLucidDreamHallDreamRightClickedInAir.java" md5: 70ef18c86def0a47c83afe97163625d7
endProcessing "jptv/seomoodi/ppapdream/procedure/ProcedureLucidDreamHallDreamRightClickedInAir.java"

startProcessing "jptv/seomoodi/ppapdream/procedure/ProcedureLucidMap2RightClickedInAir.java" md5: 32324bbb4e17a008a3becd05f60716a8
endProcessing "jptv/seomoodi/ppapdream/procedure/ProcedureLucidMap2RightClickedInAir.java"

startProcessing "jptv/seomoodi/ppapdream/procedure/ProcedureLucidUpdateRightClickedInAir.java" md5: fed660d95fbaf650c2341754ca9d87d7
endProcessing "jptv/seomoodi/ppapdream/procedure/ProcedureLucidUpdateRightClickedInAir.java"

startProcessing "jptv/seomoodi/ppapdream/procedure/ProcedureLucidWebtoonRightClickedInAir.java" md5: 8f222cfb2e6c645e298e3f1a5eb96df0
endProcessing "jptv/seomoodi/ppapdream/procedure/ProcedureLucidWebtoonRightClickedInAir.java"

startProcessing "jptv/seomoodi/ppapdream/procedure/ProcedureLucydpatchOnBlockRightClicked.java" md5: e5b3e9fa419c983b4ac26df855e4028f
endProcessing "jptv/seomoodi/ppapdream/procedure/ProcedureLucydpatchOnBlockRightClicked.java"

startProcessing "jptv/seomoodi/ppapdream/procedure/ProcedureMirror01OnBlockRightClicked.java" md5: 218a5c6fb34bfb903d19921910c37b64
endProcessing "jptv/seomoodi/ppapdream/procedure/ProcedureMirror01OnBlockRightClicked.java"

startProcessing "jptv/seomoodi/ppapdream/procedure/ProcedureMirror01UpdateTick.java" md5: a9b33eeee1fe051240211ad7b88669e3
endProcessing "jptv/seomoodi/ppapdream/procedure/ProcedureMirror01UpdateTick.java"

startProcessing "jptv/seomoodi/ppapdream/procedure/ProcedureMirror02OnBlockRightClicked.java" md5: c86e8002545674f9df76a92b5eb45d90
endProcessing "jptv/seomoodi/ppapdream/procedure/ProcedureMirror02OnBlockRightClicked.java"

startProcessing "jptv/seomoodi/ppapdream/procedure/ProcedureMirror02UpdateTick.java" md5: f6bf2dc2af03b754e351a46f27a068ae
endProcessing "jptv/seomoodi/ppapdream/procedure/ProcedureMirror02UpdateTick.java"

startProcessing "jptv/seomoodi/ppapdream/procedure/ProcedureMsgGloveRightClickedInAir.java" md5: dbacf2b6aea1b8e4edc9965468c873cb
endProcessing "jptv/seomoodi/ppapdream/procedure/ProcedureMsgGloveRightClickedInAir.java"

startProcessing "jptv/seomoodi/ppapdream/procedure/ProcedureNbpComplaintRightClickedInAir.java" md5: 665a502b296093ede69ec73f1326a29a
endProcessing "jptv/seomoodi/ppapdream/procedure/ProcedureNbpComplaintRightClickedInAir.java"

startProcessing "jptv/seomoodi/ppapdream/procedure/ProcedureNbpLetterRightClickedInAir.java" md5: ae902700112631b240d86599db3afb28
endProcessing "jptv/seomoodi/ppapdream/procedure/ProcedureNbpLetterRightClickedInAir.java"

startProcessing "jptv/seomoodi/ppapdream/procedure/ProcedureNbpUmbrellaRightClickedInAir.java" md5: a4788eca2ea8d68c08a100b795c376e4
endProcessing "jptv/seomoodi/ppapdream/procedure/ProcedureNbpUmbrellaRightClickedInAir.java"

startProcessing "jptv/seomoodi/ppapdream/procedure/ProcedureNewspaperRightClickedInAir.java" md5: 134bf6cd6aedb7df6d41085f512a988b
endProcessing "jptv/seomoodi/ppapdream/procedure/ProcedureNewspaperRightClickedInAir.java"

startProcessing "jptv/seomoodi/ppapdream/procedure/ProcedureNightmareManualRightClickedInAir.java" md5: 13b957d3d3f31cbb847aa994496a03cc
endProcessing "jptv/seomoodi/ppapdream/procedure/ProcedureNightmareManualRightClickedInAir.java"

startProcessing "jptv/seomoodi/ppapdream/procedure/ProcedureOgrBucketlistPosterRightClickedInAir.java" md5: 68f5d30796ccf0ee83e028fc3f3c424a
endProcessing "jptv/seomoodi/ppapdream/procedure/ProcedureOgrBucketlistPosterRightClickedInAir.java"

startProcessing "jptv/seomoodi/ppapdream/procedure/ProcedureOgrMessageRightClickedInAir.java" md5: 0005563913f538c9b73421926cb6f297
endProcessing "jptv/seomoodi/ppapdream/procedure/ProcedureOgrMessageRightClickedInAir.java"

startProcessing "jptv/seomoodi/ppapdream/procedure/ProcedureOgrSocksRightClickedInAir.java" md5: 6213cd1732507d85e094e190ac403595
endProcessing "jptv/seomoodi/ppapdream/procedure/ProcedureOgrSocksRightClickedInAir.java"

startProcessing "jptv/seomoodi/ppapdream/procedure/ProcedureOpenGuiGroComic01.java" md5: cda7bab2fba52829526cac811e63e0e2
endProcessing "jptv/seomoodi/ppapdream/procedure/ProcedureOpenGuiGroComic01.java"

startProcessing "jptv/seomoodi/ppapdream/procedure/ProcedureOpenGuiGroComic02.java" md5: 68e5824563e3439d10648dfb6e220a31
endProcessing "jptv/seomoodi/ppapdream/procedure/ProcedureOpenGuiGroComic02.java"

startProcessing "jptv/seomoodi/ppapdream/procedure/ProcedureOpenGuiGroComic03.java" md5: 85b6532c231d1c1875848b77a8e3d3f1
endProcessing "jptv/seomoodi/ppapdream/procedure/ProcedureOpenGuiGroComic03.java"

startProcessing "jptv/seomoodi/ppapdream/procedure/ProcedurePenguinOnBlockRightClicked.java" md5: 73169fb1b51a1b2e4a426b97a4e223b9
endProcessing "jptv/seomoodi/ppapdream/procedure/ProcedurePenguinOnBlockRightClicked.java"

startProcessing "jptv/seomoodi/ppapdream/procedure/ProcedurePgeDiary02RightClickedInAir.java" md5: d05d9ae6d5520d4246316f2b3bd0eca2
endProcessing "jptv/seomoodi/ppapdream/procedure/ProcedurePgeDiary02RightClickedInAir.java"

startProcessing "jptv/seomoodi/ppapdream/procedure/ProcedurePgeDiary03RightClickedInAir.java" md5: 1dfc8ef1cee17a362bd526f9fbd1f5b6
endProcessing "jptv/seomoodi/ppapdream/procedure/ProcedurePgeDiary03RightClickedInAir.java"

startProcessing "jptv/seomoodi/ppapdream/procedure/ProcedurePgeDiary04RightClickedInAir.java" md5: de3dd364a777657f14b6c6902cbad187
endProcessing "jptv/seomoodi/ppapdream/procedure/ProcedurePgeDiary04RightClickedInAir.java"

startProcessing "jptv/seomoodi/ppapdream/procedure/ProcedurePgeDiaryRightClickedInAir.java" md5: d1aa5c8def1daef57e463765d63fddea
endProcessing "jptv/seomoodi/ppapdream/procedure/ProcedurePgeDiaryRightClickedInAir.java"

startProcessing "jptv/seomoodi/ppapdream/procedure/ProcedurePgeDreamhallRightClickedInAir.java" md5: 6aa1b16a83bbe1f29041df65f4480d85
endProcessing "jptv/seomoodi/ppapdream/procedure/ProcedurePgeDreamhallRightClickedInAir.java"

startProcessing "jptv/seomoodi/ppapdream/procedure/ProcedurePgeFourcutRightClickedInAir.java" md5: f6f762680576531c9769ef6be0e2ecad
endProcessing "jptv/seomoodi/ppapdream/procedure/ProcedurePgeFourcutRightClickedInAir.java"

startProcessing "jptv/seomoodi/ppapdream/procedure/ProcedurePgeMemo01RightClickedInAir.java" md5: 1da85b82818aba1c63c4e9c83a487a05
endProcessing "jptv/seomoodi/ppapdream/procedure/ProcedurePgeMemo01RightClickedInAir.java"

startProcessing "jptv/seomoodi/ppapdream/procedure/ProcedurePgeMemo02RightClickedInAir.java" md5: 859eff83662209fb8d298d1d425b1208
endProcessing "jptv/seomoodi/ppapdream/procedure/ProcedurePgeMemo02RightClickedInAir.java"

startProcessing "jptv/seomoodi/ppapdream/procedure/ProcedurePgeMemo03RightClickedInAir.java" md5: 8b3ba4c12557acb9f381cc2296b5157b
endProcessing "jptv/seomoodi/ppapdream/procedure/ProcedurePgeMemo03RightClickedInAir.java"

startProcessing "jptv/seomoodi/ppapdream/procedure/ProcedurePgeMemo04RightClickedInAir.java" md5: e5477ed5a4999b9264a420d4d5f337ce
endProcessing "jptv/seomoodi/ppapdream/procedure/ProcedurePgeMemo04RightClickedInAir.java"

startProcessing "jptv/seomoodi/ppapdream/procedure/ProcedurePgeMemo1RightClickedInAir.java" md5: 467e328d8a8d928c2a4c6819881577e0
endProcessing "jptv/seomoodi/ppapdream/procedure/ProcedurePgeMemo1RightClickedInAir.java"

startProcessing "jptv/seomoodi/ppapdream/procedure/ProcedurePgeNecktieRightClickedInAir.java" md5: 950a02015063641d7e460cf67db10fd6
endProcessing "jptv/seomoodi/ppapdream/procedure/ProcedurePgeNecktieRightClickedInAir.java"

startProcessing "jptv/seomoodi/ppapdream/procedure/ProcedurePgeTravelPhoto01RightClickedInAir.java" md5: dbce164661a6bbd775da031f2aef22d5
endProcessing "jptv/seomoodi/ppapdream/procedure/ProcedurePgeTravelPhoto01RightClickedInAir.java"

startProcessing "jptv/seomoodi/ppapdream/procedure/ProcedurePgeTrevelPhoto02RightClickedInAir.java" md5: 5d35a7e1809e957b90b9114b05c10414
endProcessing "jptv/seomoodi/ppapdream/procedure/ProcedurePgeTrevelPhoto02RightClickedInAir.java"

startProcessing "jptv/seomoodi/ppapdream/procedure/ProcedureRevolverBulletHitsPlayer.java" md5: 84d40d5656a2446b20f64bc78da59518
endProcessing "jptv/seomoodi/ppapdream/procedure/ProcedureRevolverBulletHitsPlayer.java"

startProcessing "jptv/seomoodi/ppapdream/procedure/ProcedureTestBlockDestroyedByPlayer.java" md5: a8ed6c626fb659b8fc61db52c75ba7b9
endProcessing "jptv/seomoodi/ppapdream/procedure/ProcedureTestBlockDestroyedByPlayer.java"

startProcessing "jptv/seomoodi/ppapdream/procedure/ProcedureVocalCordRightClickedInAir.java" md5: cea0b74ff8d81037b3b707a4b9cae24c
endProcessing "jptv/seomoodi/ppapdream/procedure/ProcedureVocalCordRightClickedInAir.java"

